e:\qqpcmgr\desktop\caipiao_mfc\caipiao_mfc\debug\caipiao_mfc.pch
e:\qqpcmgr\desktop\caipiao_mfc\caipiao_mfc\debug\vc140.pdb
e:\qqpcmgr\desktop\caipiao_mfc\caipiao_mfc\debug\vc140.idb
e:\qqpcmgr\desktop\caipiao_mfc\caipiao_mfc\debug\stdafx.obj
e:\qqpcmgr\desktop\caipiao_mfc\caipiao_mfc\debug\caipiao_mfc.obj
e:\qqpcmgr\desktop\caipiao_mfc\caipiao_mfc\debug\caipiao_mfcdlg.obj
e:\qqpcmgr\desktop\caipiao_mfc\debug\caipiao_mfc.ilk
e:\qqpcmgr\desktop\caipiao_mfc\debug\caipiao_mfc.exe
e:\qqpcmgr\desktop\caipiao_mfc\debug\caipiao_mfc.pdb
e:\qqpcmgr\desktop\caipiao_mfc\caipiao_mfc\debug\caipiao_mfc.res
e:\github\juechen\caipiao_mfc\caipiao_mfc\debug\caipiao_mfc.obj
e:\github\juechen\caipiao_mfc\caipiao_mfc\debug\caipiao_mfcdlg.obj
e:\github\juechen\caipiao_mfc\caipiao_mfc\debug\stdafx.obj
e:\github\juechen\caipiao_mfc\caipiao_mfc\debug\caipiao_mfc.res
e:\github\juechen\caipiao_mfc\caipiao_mfc\debug\caipiao_mfc.pch
e:\github\juechen\caipiao_mfc\caipiao_mfc\debug\vc140.idb
e:\github\juechen\caipiao_mfc\caipiao_mfc\debug\vc140.pdb
e:\github\juechen\caipiao_mfc\debug\caipiao_mfc.pdb
e:\github\juechen\caipiao_mfc\debug\caipiao_mfc.exe
e:\github\juechen\caipiao_mfc\debug\caipiao_mfc.ilk
e:\github\juechen\caipiao_mfc\caipiao_mfc\debug\caipiao_mfc.tlog\cl.command.1.tlog
e:\github\juechen\caipiao_mfc\caipiao_mfc\debug\caipiao_mfc.tlog\cl.read.1.tlog
e:\github\juechen\caipiao_mfc\caipiao_mfc\debug\caipiao_mfc.tlog\cl.write.1.tlog
e:\github\juechen\caipiao_mfc\caipiao_mfc\debug\caipiao_mfc.tlog\link.command.1.tlog
e:\github\juechen\caipiao_mfc\caipiao_mfc\debug\caipiao_mfc.tlog\link.read.1.tlog
e:\github\juechen\caipiao_mfc\caipiao_mfc\debug\caipiao_mfc.tlog\link.write.1.tlog
e:\github\juechen\caipiao_mfc\caipiao_mfc\debug\caipiao_mfc.tlog\rc.command.1.tlog
e:\github\juechen\caipiao_mfc\caipiao_mfc\debug\caipiao_mfc.tlog\rc.read.1.tlog
e:\github\juechen\caipiao_mfc\caipiao_mfc\debug\caipiao_mfc.tlog\rc.write.1.tlog
